May 25 07:36 : config: option 'path' on line 12 was not recognized
May 25 07:36 : update: added AnoorAlAlqy/Saeerah/Al-Saeerah-06.mp3
May 25 07:36 : update: added AnoorAlAlqy/Saeerah/Al-Saeerah-07.mp3
May 25 07:36 : update: added AnoorAlAlqy/Saeerah/Al-Saeerah-08.mp3
May 25 07:36 : update: added AnoorAlAlqy/Saeerah/Al-Saeerah-15.mp3
May 25 07:36 : update: added AnoorAlAlqy/Saeerah/Al-Saeerah 01.mp3
May 25 07:36 : update: added AnoorAlAlqy/Saeerah/Al-Saeerah-14.mp3
May 25 07:36 : mixer: Failed to read mixer for 'my_alsa': no such mixer control: PCM
May 25 07:36 : update: added AnoorAlAlqy/Saeerah/Al-Saeerah-03.mp3
May 25 07:36 : update: added AnoorAlAlqy/Saeerah/Al-Saeerah-13.mp3
May 25 07:36 : update: added AnoorAlAlqy/Saeerah/Al-Saeerah-16.mp3
May 25 07:36 : update: added AnoorAlAlqy/Saeerah/Al-Saeerah-09.mp3
May 25 07:36 : update: added AnoorAlAlqy/Saeerah/Al-Saeerah-04.mp3
May 25 07:36 : update: added AnoorAlAlqy/Saeerah/Al-Saeerah-11.mp3
May 25 07:36 : update: added AnoorAlAlqy/Saeerah/Al-Saeerah-10.mp3
May 25 07:36 : update: added AnoorAlAlqy/Saeerah/Al-Saeerah-02.mp3
May 25 07:36 : update: added AnoorAlAlqy/Saeerah/Al-Saeerah-05.mp3
May 25 07:36 : update: added AnoorAlAlqy/Saeerah/Al-Saeerah-12.mp3
May 25 07:36 : update: added AhmadAlAjmy/012-yusuf.mp3
May 25 07:36 : update: added AhmadAlAjmy/074-al-muddaththir.mp3
May 25 07:36 : update: added AhmadAlAjmy/027-an-naml.mp3
May 25 07:36 : update: added AhmadAlAjmy/042-ash-shura.mp3
May 25 07:36 : update: added AhmadAlAjmy/013-ar-rad.mp3
May 25 07:36 : update: added AhmadAlAjmy/107-al-maun.mp3
May 25 07:36 : update: added AhmadAlAjmy/051-adh-dhariyat.mp3
May 25 07:36 : update: added AhmadAlAjmy/010-yunus.mp3
May 25 07:36 : update: added AhmadAlAjmy/044-ad-dukhan.mp3
May 25 07:36 : update: added AhmadAlAjmy/049-al-hujurat.mp3
May 25 07:36 : update: added AhmadAlAjmy/016-an-nahl.mp3
May 25 07:36 : update: added AhmadAlAjmy/025-al-furqan.mp3
May 25 07:36 : update: added AhmadAlAjmy/045-al-jathiyah.mp3
May 25 07:36 : update: added AhmadAlAjmy/078-an-naba.mp3
May 25 07:36 : update: added AhmadAlAjmy/091-ash-shams.mp3
May 25 07:36 : update: added AhmadAlAjmy/004-an-nisa.mp3
May 25 07:36 : update: added AhmadAlAjmy/087-al-ala.mp3
May 25 07:36 : update: added AhmadAlAjmy/101-al-qariah.mp3
May 25 07:36 : update: added AhmadAlAjmy/108-al-kauthar.mp3
May 25 07:36 : update: added AhmadAlAjmy/007-al-araf.mp3
May 25 07:36 : update: added AhmadAlAjmy/111-al-masad.mp3
May 25 07:36 : update: added AhmadAlAjmy/096-al-alaq.mp3
May 25 07:36 : update: added AhmadAlAjmy/032-as-sajdah.mp3
May 25 07:36 : update: added AhmadAlAjmy/095-at-tin.mp3
May 25 07:36 : update: added AhmadAlAjmy/015-al-hijr.mp3
May 25 07:36 : update: added AhmadAlAjmy/097-al-qadr.mp3
May 25 07:36 : update: added AhmadAlAjmy/089-al-fajr.mp3
May 25 07:36 : update: added AhmadAlAjmy/006-al-anam.mp3
May 25 07:36 : update: added AhmadAlAjmy/079-an-naziat.mp3
May 25 07:36 : update: added AhmadAlAjmy/029-al-ankabut.mp3
May 25 07:36 : update: added AhmadAlAjmy/064-at-taghabun.mp3
May 25 07:36 : update: added AhmadAlAjmy/113-al-falaq.mp3
May 25 07:36 : update: added AhmadAlAjmy/066-at-tahrim.mp3
May 25 07:36 : update: added AhmadAlAjmy/011-hud.mp3
May 25 07:36 : update: added AhmadAlAjmy/009-at-taubah.mp3
May 25 07:36 : update: added AhmadAlAjmy/035-fatir.mp3
May 25 07:36 : update: added AhmadAlAjmy/018-al-kahf.mp3
May 25 07:36 : update: added AhmadAlAjmy/039-az-zumar.mp3
May 25 07:36 : update: added AhmadAlAjmy/068-al-qalam.mp3
May 25 07:36 : update: added AhmadAlAjmy/069-al-haqqah.mp3
May 25 07:36 : update: added AhmadAlAjmy/086-at-tariq.mp3
May 25 07:36 : update: added AhmadAlAjmy/062-al-jumuah.mp3
May 25 07:36 : update: added AhmadAlAjmy/067-al-mulk.mp3
May 25 07:36 : update: added AhmadAlAjmy/054-al-qamar.mp3
May 25 07:36 : update: added AhmadAlAjmy/033-al-ahzab.mp3
May 25 07:36 : update: added AhmadAlAjmy/077-al-mursalat.mp3
May 25 07:36 : update: added AhmadAlAjmy/046-al-ahqaf.mp3
May 25 07:36 : update: added AhmadAlAjmy/061-as-saff.mp3
May 25 07:36 : update: added AhmadAlAjmy/030-ar-rum.mp3
May 25 07:36 : update: added AhmadAlAjmy/001-al-fatihah.mp3
May 25 07:36 : update: added AhmadAlAjmy/017-al-isra.mp3
May 25 07:36 : update: added AhmadAlAjmy/043-az-zukhruf.mp3
May 25 07:36 : update: added AhmadAlAjmy/019-maryam.mp3
May 25 07:36 : update: added AhmadAlAjmy/081-at-takwir.mp3
May 25 07:36 : update: added AhmadAlAjmy/088-al-ghashiyah.mp3
May 25 07:36 : update: added AhmadAlAjmy/037-as-saffat.mp3
May 25 07:36 : update: added AhmadAlAjmy/020-ta-ha.mp3
May 25 07:36 : update: added AhmadAlAjmy/055-ar-rahman.mp3
May 25 07:36 : update: added AhmadAlAjmy/106-quraish.mp3
May 25 07:36 : update: added AhmadAlAjmy/023-al-muminun.mp3
May 25 07:36 : update: added AhmadAlAjmy/036-ya-sin.mp3
May 25 07:36 : update: added AhmadAlAjmy/071-nuh.mp3
May 25 07:36 : update: added AhmadAlAjmy/056-al-waqiah.mp3
May 25 07:36 : update: added AhmadAlAjmy/073-al-muzammil.mp3
May 25 07:36 : update: added AhmadAlAjmy/008-al-anfal.mp3
May 25 07:36 : update: added AhmadAlAjmy/021-al-anbiya.mp3
May 25 07:36 : update: added AhmadAlAjmy/031-luqman.mp3
May 25 07:36 : update: added AhmadAlAjmy/065-at-talaq.mp3
May 25 07:36 : update: added AhmadAlAjmy/024-an-nur.mp3
May 25 07:36 : update: added AhmadAlAjmy/109-al-kafirun.mp3
May 25 07:36 : update: added AhmadAlAjmy/072-al-jinn.mp3
May 25 07:36 : update: added AhmadAlAjmy/102-at-takathur.mp3
May 25 07:36 : update: added AhmadAlAjmy/038-sad.mp3
May 25 07:36 : update: added AhmadAlAjmy/099-az-zalzalah.mp3
May 25 07:36 : update: added AhmadAlAjmy/104-al-humazah.mp3
May 25 07:36 : update: added AhmadAlAjmy/026-ash-shuara.mp3
May 25 07:36 : update: added AhmadAlAjmy/093-ad-duha.mp3
May 25 07:36 : update: added AhmadAlAjmy/082-al-infitar.mp3
May 25 07:36 : update: added AhmadAlAjmy/075-al-qiyamah.mp3
May 25 07:36 : update: added AhmadAlAjmy/057-al-hadid.mp3
May 25 07:36 : update: added AhmadAlAjmy/084-al-inshiqaq.mp3
May 25 07:36 : update: added AhmadAlAjmy/059-al-hashr.mp3
May 25 07:36 : update: added AhmadAlAjmy/090-al-balad.mp3
May 25 07:36 : update: added AhmadAlAjmy/028-al-qasas.mp3
May 25 07:36 : update: added AhmadAlAjmy/083-al-mutaffifin.mp3
May 25 07:36 : update: added AhmadAlAjmy/076-al-insan.mp3
May 25 07:36 : update: added AhmadAlAjmy/063-al-munafiqun.mp3
May 25 07:36 : update: added AhmadAlAjmy/048-al-fath.mp3
May 25 07:36 : update: added AhmadAlAjmy/040-ghafir.mp3
May 25 07:36 : update: added AhmadAlAjmy/053-an-najm.mp3
May 25 07:36 : update: added AhmadAlAjmy/114-an-nas.mp3
May 25 07:36 : update: added AhmadAlAjmy/092-al-lail.mp3
May 25 07:36 : update: added AhmadAlAjmy/003-al-imran.mp3
May 25 07:36 : update: added AhmadAlAjmy/034-saba.mp3
May 25 07:36 : update: added AhmadAlAjmy/050-qaf.mp3
May 25 07:36 : update: added AhmadAlAjmy/103-al-asr.mp3
May 25 07:36 : update: added AhmadAlAjmy/041-fussilat.mp3
May 25 07:36 : update: added AhmadAlAjmy/070-al-maarij.mp3
May 25 07:36 : update: added AhmadAlAjmy/112-al-ikhlas.mp3
May 25 07:36 : update: added AhmadAlAjmy/047-muhammad.mp3
May 25 07:36 : update: added AhmadAlAjmy/110-an-nasr.mp3
May 25 07:36 : update: added AhmadAlAjmy/094-ash-sharh.mp3
May 25 07:36 : update: added AhmadAlAjmy/052-at-tur.mp3
May 25 07:36 : update: added AhmadAlAjmy/002-al-baqarah.mp3
May 25 07:36 : update: added AhmadAlAjmy/022-al-hajj.mp3
May 25 07:36 : update: added AhmadAlAjmy/098-al-baiyyinah.mp3
May 25 07:36 : update: added AhmadAlAjmy/058-al-mujadilah.mp3
May 25 07:36 : update: added AhmadAlAjmy/100-al-adiyat.mp3
May 25 07:36 : update: added AhmadAlAjmy/085-al-buruj.mp3
May 25 07:36 : update: added AhmadAlAjmy/080-abasa.mp3
May 25 07:36 : update: added AhmadAlAjmy/060-al-mumtahanah.mp3
May 25 07:36 : update: added AhmadAlAjmy/005-al-maidah.mp3
May 25 07:36 : update: added AhmadAlAjmy/014-ibrahim.mp3
May 25 07:36 : update: added AhmadAlAjmy/105-al-fil.mp3
May 25 07:36 : update: added AbdulRahmanMossad/067-al-mulk.mp3
May 25 07:36 : update: added AbdulRahmanMossad/073-al-muzammil.mp3
May 25 07:36 : update: added MuhammadObada/018-al-kahf.mp3
May 25 07:36 : update: added MuhammadObada/077-al-mursalat.mp3
May 25 07:36 : update: added SharifMostafa/049-al-hujurat.mp3
May 25 07:36 : update: added SharifMostafa/089-al-fajr.mp3
May 25 07:36 : update: added SharifMostafa/066-at-tahrim.mp3
May 25 07:36 : update: added SharifMostafa/077-al-mursalat.mp3
May 25 07:36 : update: added SharifMostafa/075-al-qiyama.mp3
May 25 07:36 : update: added SharifMostafa/017-al-isra.mp3
May 25 07:36 : update: added SharifMostafa/019-maryam.mp3
May 25 07:36 : update: added SharifMostafa/020-ta-ha.mp3
May 25 07:36 : update: added SharifMostafa/055-rahman.mp3
May 25 07:36 : update: added SharifMostafa/032-sajdah.mp3
May 25 07:36 : update: added SharifMostafa/067-mulk.mp3
May 25 07:36 : update: added SharifMostafa/073-al-muzzammil.mp3
May 25 07:36 : update: added SharifMostafa/076-al-insan.mp3
May 25 07:36 : update: added SharifMostafa/063-al-munafiqun.mp3
May 25 07:36 : update: added SharifMostafa/053-an-najm.mp3
May 25 07:36 : update: added SharifMostafa/058-al-mujadila.mp3
May 25 07:36 : update: added AhmedKhedr/012-yusuf.mp3
May 25 07:36 : update: added AhmedKhedr/049-al-hujurat.mp3
May 25 07:36 : update: added AhmedKhedr/025-al-furqan.mp3
May 25 07:36 : update: added AhmedKhedr/045-al-jathiyah.mp3
May 25 07:36 : update: added AhmedKhedr/067-al-mulk.mp3
May 25 07:36 : update: added AhmedKhedr/030-ar-rum.mp3
May 25 07:36 : update: added AhmedKhedr/019-maryam.mp3
May 25 07:36 : update: added AhmedKhedr/020-ta-ha.mp3
May 25 07:36 : update: added AhmedKhedr/055-ar-rahman.mp3
May 25 07:36 : update: added AhmedKhedr/021-al-anbiya.mp3
May 25 07:36 : update: added AhmedKhedr/075-al-qiyamah.mp3
May 25 07:36 : update: added RaadAlKurdi/042-ash-shura.mp3
May 25 07:36 : update: added RaadAlKurdi/001-al-fatihah.mp3
May 25 07:36 : update: added RaadAlKurdi/114-an-nas.mp3
May 25 07:36 : update: added RaadAlKurdi/002-al-baqarah.mp3
May 25 07:36 : update: added MisharyRashidAlafasy/012-yusuf.mp3
May 25 07:36 : update: added MisharyRashidAlafasy/074-al-muddaththir.mp3
May 25 07:36 : update: added MisharyRashidAlafasy/027-an-naml.mp3
May 25 07:36 : update: added MisharyRashidAlafasy/042-ash-shura.mp3
May 25 07:36 : update: added MisharyRashidAlafasy/013-ar-rad.mp3
May 25 07:36 : update: added MisharyRashidAlafasy/107-al-maun.mp3
May 25 07:36 : update: added MisharyRashidAlafasy/051-adh-dhariyat.mp3
May 25 07:36 : update: added MisharyRashidAlafasy/010-yunus.mp3
May 25 07:36 : update: added MisharyRashidAlafasy/044-ad-dukhan.mp3
May 25 07:36 : update: added MisharyRashidAlafasy/049-al-hujurat.mp3
May 25 07:36 : update: added MisharyRashidAlafasy/016-an-nahl.mp3
May 25 07:36 : update: added MisharyRashidAlafasy/025-al-furqan.mp3
May 25 07:36 : update: added MisharyRashidAlafasy/045-al-jathiyah.mp3
May 25 07:36 : update: added MisharyRashidAlafasy/078-an-naba.mp3
May 25 07:36 : update: added MisharyRashidAlafasy/091-ash-shams.mp3
May 25 07:36 : update: added MisharyRashidAlafasy/004-an-nisa.mp3
May 25 07:36 : update: added MisharyRashidAlafasy/087-al-ala.mp3
May 25 07:36 : update: added MisharyRashidAlafasy/101-al-qariah.mp3
May 25 07:36 : update: added MisharyRashidAlafasy/108-al-kauthar.mp3
May 25 07:36 : update: added MisharyRashidAlafasy/007-al-araf.mp3
May 25 07:36 : update: added MisharyRashidAlafasy/111-al-masad.mp3
May 25 07:36 : update: added MisharyRashidAlafasy/096-al-alaq.mp3
May 25 07:36 : update: added MisharyRashidAlafasy/032-as-sajdah.mp3
May 25 07:36 : update: added MisharyRashidAlafasy/095-at-tin.mp3
May 25 07:36 : update: added MisharyRashidAlafasy/015-al-hijr.mp3
May 25 07:36 : update: added MisharyRashidAlafasy/097-al-qadr.mp3
May 25 07:36 : update: added MisharyRashidAlafasy/089-al-fajr.mp3
May 25 07:36 : update: added MisharyRashidAlafasy/006-al-anam.mp3
May 25 07:36 : update: added MisharyRashidAlafasy/079-an-naziat.mp3
May 25 07:36 : update: added MisharyRashidAlafasy/029-al-ankabut.mp3
May 25 07:36 : update: added MisharyRashidAlafasy/064-at-taghabun.mp3
May 25 07:36 : update: added MisharyRashidAlafasy/113-al-falaq.mp3
May 25 07:36 : update: added MisharyRashidAlafasy/066-at-tahrim.mp3
May 25 07:36 : update: added MisharyRashidAlafasy/011-hud.mp3
May 25 07:36 : update: added MisharyRashidAlafasy/009-at-taubah.mp3
May 25 07:36 : update: added MisharyRashidAlafasy/035-fatir.mp3
May 25 07:36 : update: added MisharyRashidAlafasy/018-al-kahf.mp3
May 25 07:36 : update: added MisharyRashidAlafasy/039-az-zumar.mp3
May 25 07:36 : update: added MisharyRashidAlafasy/068-al-qalam.mp3
May 25 07:36 : update: added MisharyRashidAlafasy/069-al-haqqah.mp3
May 25 07:36 : update: added MisharyRashidAlafasy/086-at-tariq.mp3
May 25 07:36 : update: added MisharyRashidAlafasy/062-al-jumuah.mp3
May 25 07:36 : update: added MisharyRashidAlafasy/067-al-mulk.mp3
May 25 07:36 : update: added MisharyRashidAlafasy/054-al-qamar.mp3
May 25 07:36 : update: added MisharyRashidAlafasy/033-al-ahzab.mp3
May 25 07:36 : update: added MisharyRashidAlafasy/077-al-mursalat.mp3
May 25 07:36 : update: added MisharyRashidAlafasy/046-al-ahqaf.mp3
May 25 07:36 : update: added MisharyRashidAlafasy/061-as-saff.mp3
May 25 07:36 : update: added MisharyRashidAlafasy/030-ar-rum.mp3
May 25 07:36 : update: added MisharyRashidAlafasy/001-al-fatihah.mp3
May 25 07:36 : update: added MisharyRashidAlafasy/017-al-isra.mp3
May 25 07:36 : update: added MisharyRashidAlafasy/043-az-zukhruf.mp3
May 25 07:36 : update: added MisharyRashidAlafasy/019-maryam.mp3
May 25 07:36 : update: added MisharyRashidAlafasy/081-at-takwir.mp3
May 25 07:36 : update: added MisharyRashidAlafasy/088-al-ghashiyah.mp3
May 25 07:36 : update: added MisharyRashidAlafasy/037-as-saffat.mp3
May 25 07:36 : update: added MisharyRashidAlafasy/020-ta-ha.mp3
May 25 07:36 : update: added MisharyRashidAlafasy/055-ar-rahman.mp3
May 25 07:36 : update: added MisharyRashidAlafasy/106-quraish.mp3
May 25 07:36 : update: added MisharyRashidAlafasy/023-al-muminun.mp3
May 25 07:36 : update: added MisharyRashidAlafasy/036-ya-sin.mp3
May 25 07:36 : update: added MisharyRashidAlafasy/071-nuh.mp3
May 25 07:36 : update: added MisharyRashidAlafasy/056-al-waqiah.mp3
May 25 07:36 : update: added MisharyRashidAlafasy/073-al-muzammil.mp3
May 25 07:36 : update: added MisharyRashidAlafasy/008-al-anfal.mp3
May 25 07:36 : update: added MisharyRashidAlafasy/021-al-anbiya.mp3
May 25 07:36 : update: added MisharyRashidAlafasy/031-luqman.mp3
May 25 07:36 : update: added MisharyRashidAlafasy/065-at-talaq.mp3
May 25 07:36 : update: added MisharyRashidAlafasy/024-an-nur.mp3
May 25 07:36 : update: added MisharyRashidAlafasy/109-al-kafirun.mp3
May 25 07:36 : update: added MisharyRashidAlafasy/072-al-jinn.mp3
May 25 07:36 : update: added MisharyRashidAlafasy/102-at-takathur.mp3
May 25 07:36 : update: added MisharyRashidAlafasy/038-sad.mp3
May 25 07:36 : update: added MisharyRashidAlafasy/099-az-zalzalah.mp3
May 25 07:36 : update: added MisharyRashidAlafasy/104-al-humazah.mp3
May 25 07:36 : update: added MisharyRashidAlafasy/026-ash-shuara.mp3
May 25 07:36 : update: added MisharyRashidAlafasy/093-ad-duha.mp3
May 25 07:36 : update: added MisharyRashidAlafasy/082-al-infitar.mp3
May 25 07:36 : update: added MisharyRashidAlafasy/075-al-qiyamah.mp3
May 25 07:36 : update: added MisharyRashidAlafasy/057-al-hadid.mp3
May 25 07:36 : update: added MisharyRashidAlafasy/084-al-inshiqaq.mp3
May 25 07:36 : update: added MisharyRashidAlafasy/059-al-hashr.mp3
May 25 07:36 : update: added MisharyRashidAlafasy/090-al-balad.mp3
May 25 07:36 : update: added MisharyRashidAlafasy/028-al-qasas.mp3
May 25 07:36 : update: added MisharyRashidAlafasy/083-al-mutaffifin.mp3
May 25 07:36 : update: added MisharyRashidAlafasy/076-al-insan.mp3
May 25 07:36 : update: added MisharyRashidAlafasy/063-al-munafiqun.mp3
May 25 07:36 : update: added MisharyRashidAlafasy/048-al-fath.mp3
May 25 07:36 : update: added MisharyRashidAlafasy/040-ghafir.mp3
May 25 07:36 : update: added MisharyRashidAlafasy/053-an-najm.mp3
May 25 07:36 : update: added MisharyRashidAlafasy/114-an-nas.mp3
May 25 07:36 : update: added MisharyRashidAlafasy/092-al-lail.mp3
May 25 07:36 : update: added MisharyRashidAlafasy/003-al-imran.mp3
May 25 07:36 : update: added MisharyRashidAlafasy/034-saba.mp3
May 25 07:36 : update: added MisharyRashidAlafasy/050-qaf.mp3
May 25 07:36 : update: added MisharyRashidAlafasy/103-al-asr.mp3
May 25 07:36 : update: added MisharyRashidAlafasy/041-fussilat.mp3
May 25 07:36 : update: added MisharyRashidAlafasy/070-al-maarij.mp3
May 25 07:36 : update: added MisharyRashidAlafasy/112-al-ikhlas.mp3
May 25 07:36 : update: added MisharyRashidAlafasy/047-muhammad.mp3
May 25 07:36 : update: added MisharyRashidAlafasy/110-an-nasr.mp3
May 25 07:36 : update: added MisharyRashidAlafasy/094-ash-sharh.mp3
May 25 07:36 : update: added MisharyRashidAlafasy/052-at-tur.mp3
May 25 07:36 : update: added MisharyRashidAlafasy/002-al-baqarah.mp3
May 25 07:36 : update: added MisharyRashidAlafasy/022-al-hajj.mp3
May 25 07:36 : update: added MisharyRashidAlafasy/098-al-baiyyinah.mp3
May 25 07:36 : update: added MisharyRashidAlafasy/058-al-mujadilah.mp3
May 25 07:36 : update: added MisharyRashidAlafasy/100-al-adiyat.mp3
May 25 07:36 : update: added MisharyRashidAlafasy/085-al-buruj.mp3
May 25 07:36 : update: added MisharyRashidAlafasy/080-abasa.mp3
May 25 07:36 : update: added MisharyRashidAlafasy/060-al-mumtahanah.mp3
May 25 07:36 : update: added MisharyRashidAlafasy/005-al-maidah.mp3
May 25 07:36 : update: added MisharyRashidAlafasy/014-ibrahim.mp3
May 25 07:36 : update: added MisharyRashidAlafasy/105-al-fil.mp3
May 25 07:36 : update: added AbdallahHumeid/012-yusuf.mp3
May 25 07:36 : update: added AbdallahHumeid/027-an-naml.mp3
May 25 07:36 : update: added AbdallahHumeid/044-ad-dukhan.mp3
May 25 07:36 : update: added AbdallahHumeid/007-al-araf.mp3
May 25 07:36 : update: added AbdallahHumeid/089-al-fajr.mp3
May 25 07:36 : update: added AbdallahHumeid/029-al-ankabut.mp3
May 25 07:36 : update: added AbdallahHumeid/035-fatir.mp3
May 25 07:36 : update: added AbdallahHumeid/018-al-kahf.mp3
May 25 07:36 : update: added AbdallahHumeid/039-az-zumar.mp3
May 25 07:36 : update: added AbdallahHumeid/067-al-mulk.mp3
May 25 07:36 : update: added AbdallahHumeid/055-ar-rahman.mp3
May 25 07:36 : update: added AbdallahHumeid/023-al-muminun.mp3
May 25 07:36 : update: added AbdallahHumeid/036-ya-sin.mp3
May 25 07:36 : update: added AbdallahHumeid/056-al-waqiah.mp3
May 25 07:36 : update: added AbdallahHumeid/028-al-qasas.mp3
May 25 07:36 : update: added AbdallahHumeid/048-al-fath.mp3
May 25 07:36 : update: added AbdallahHumeid/047-muhammad.mp3
May 25 07:36 : update: added AbdallahHumeid/014-ibrahim.mp3
May 25 07:36 : update: added HazzaAlBalushi/012-yusuf.mp3
May 25 07:36 : update: added HazzaAlBalushi/074-al-muddaththir.mp3
May 25 07:36 : update: added HazzaAlBalushi/042-ash-shura.mp3
May 25 07:36 : update: added HazzaAlBalushi/013-ar-rad.mp3
May 25 07:36 : update: added HazzaAlBalushi/107-al-maun.mp3
May 25 07:36 : update: added HazzaAlBalushi/051-adh-dhariyat.mp3
May 25 07:36 : update: added HazzaAlBalushi/044-ad-dukhan.mp3
May 25 07:36 : update: added HazzaAlBalushi/049-al-hujurat.mp3
May 25 07:36 : update: added HazzaAlBalushi/016-an-nahl.mp3
May 25 07:36 : update: added HazzaAlBalushi/078-an-naba.mp3
May 25 07:36 : update: added HazzaAlBalushi/091-ash-shams.mp3
May 25 07:36 : update: added HazzaAlBalushi/087-al-ala.mp3
May 25 07:36 : update: added HazzaAlBalushi/101-al-qariah.mp3
May 25 07:36 : update: added HazzaAlBalushi/108-al-kauthar.mp3
May 25 07:36 : update: added HazzaAlBalushi/111-al-masad.mp3
May 25 07:36 : update: added HazzaAlBalushi/096-al-alaq.mp3
May 25 07:36 : update: added HazzaAlBalushi/032-as-sajdah.mp3
May 25 07:36 : update: added HazzaAlBalushi/095-at-tin.mp3
May 25 07:36 : update: added HazzaAlBalushi/015-al-hijr.mp3
May 25 07:36 : update: added HazzaAlBalushi/097-al-qadr.mp3
May 25 07:36 : update: added HazzaAlBalushi/089-al-fajr.mp3
May 25 07:36 : update: added HazzaAlBalushi/079-an-naziat.mp3
May 25 07:36 : update: added HazzaAlBalushi/113-al-falaq.mp3
May 25 07:36 : update: added HazzaAlBalushi/018-al-kahf.mp3
May 25 07:36 : update: added HazzaAlBalushi/068-al-qalam.mp3
May 25 07:36 : update: added HazzaAlBalushi/069-al-haqqah.mp3
May 25 07:36 : update: added HazzaAlBalushi/086-at-tariq.mp3
May 25 07:36 : update: added HazzaAlBalushi/067-al-mulk.mp3
May 25 07:36 : update: added HazzaAlBalushi/054-al-qamar.mp3
May 25 07:36 : update: added HazzaAlBalushi/077-al-mursalat.mp3
May 25 07:36 : update: added HazzaAlBalushi/030-ar-rum.mp3
May 25 07:36 : update: added HazzaAlBalushi/001-al-fatihah.mp3
May 25 07:36 : update: added HazzaAlBalushi/017-al-isra.mp3
May 25 07:36 : update: added HazzaAlBalushi/019-maryam.mp3
May 25 07:36 : update: added HazzaAlBalushi/081-at-takwir.mp3
May 25 07:36 : update: added HazzaAlBalushi/088-al-ghashiyah.mp3
May 25 07:36 : update: added HazzaAlBalushi/037-as-saffat.mp3
May 25 07:36 : update: added HazzaAlBalushi/055-ar-rahman.mp3
May 25 07:36 : update: added HazzaAlBalushi/106-quraish.mp3
May 25 07:36 : update: added HazzaAlBalushi/036-ya-sin.mp3
May 25 07:36 : update: added HazzaAlBalushi/071-nuh.mp3
May 25 07:36 : update: added HazzaAlBalushi/056-al-waqiah.mp3
May 25 07:36 : update: added HazzaAlBalushi/073-al-muzammil.mp3
May 25 07:36 : update: added HazzaAlBalushi/031-luqman.mp3
May 25 07:36 : update: added HazzaAlBalushi/109-al-kafirun.mp3
May 25 07:36 : update: added HazzaAlBalushi/072-al-jinn.mp3
May 25 07:36 : update: added HazzaAlBalushi/102-at-takathur.mp3
May 25 07:36 : update: added HazzaAlBalushi/038-sad.mp3
May 25 07:36 : update: added HazzaAlBalushi/099-az-zalzalah.mp3
May 25 07:36 : update: added HazzaAlBalushi/104-al-humazah.mp3
May 25 07:36 : update: added HazzaAlBalushi/093-ad-duha.mp3
May 25 07:36 : update: added HazzaAlBalushi/082-al-infitar.mp3
May 25 07:36 : update: added HazzaAlBalushi/075-al-qiyamah.mp3
May 25 07:36 : update: added HazzaAlBalushi/057-al-hadid.mp3
May 25 07:36 : update: added HazzaAlBalushi/084-al-inshiqaq.mp3
May 25 07:36 : update: added HazzaAlBalushi/090-al-balad.mp3
May 25 07:36 : update: added HazzaAlBalushi/083-al-mutaffifin.mp3
May 25 07:36 : update: added HazzaAlBalushi/076-al-insan.mp3
May 25 07:36 : update: added HazzaAlBalushi/053-an-najm.mp3
May 25 07:36 : update: added HazzaAlBalushi/114-an-nas.mp3
May 25 07:36 : update: added HazzaAlBalushi/092-al-lail.mp3
May 25 07:36 : update: added HazzaAlBalushi/050-qaf.mp3
May 25 07:36 : update: added HazzaAlBalushi/103-al-asr.mp3
May 25 07:36 : update: added HazzaAlBalushi/070-al-maarij.mp3
May 25 07:36 : update: added HazzaAlBalushi/112-al-ikhlas.mp3
May 25 07:36 : update: added HazzaAlBalushi/047-muhammad.mp3
May 25 07:36 : update: added HazzaAlBalushi/110-an-nasr.mp3
May 25 07:36 : update: added HazzaAlBalushi/094-ash-sharh.mp3
May 25 07:36 : update: added HazzaAlBalushi/052-at-tur.mp3
May 25 07:36 : update: added HazzaAlBalushi/098-al-baiyyinah.mp3
May 25 07:36 : update: added HazzaAlBalushi/100-al-adiyat.mp3
May 25 07:36 : update: added HazzaAlBalushi/085-al-buruj.mp3
May 25 07:36 : update: added HazzaAlBalushi/080-abasa.mp3
May 25 07:36 : update: added HazzaAlBalushi/014-ibrahim.mp3
May 25 07:36 : update: added HazzaAlBalushi/105-al-fil.mp3
May 25 07:36 : update: added OmarHisham/032-as-sajdah.mp3
May 25 07:36 : update: added OmarHisham/067-al-mulk.mp3
May 25 07:36 : update: added OmarHisham/019-maryam.mp3
May 25 07:36 : update: added OmarHisham/056-al-waqiah.mp3
May 25 07:36 : update: added OmarHisham/075-al-qiyamah.mp3
May 25 07:36 : update: added OmarHisham/080-abasa.mp3
May 25 07:36 : update: added MaherAlMuaiqly/012-yusuf.mp3
May 25 07:36 : update: added MaherAlMuaiqly/074-al-muddaththir.mp3
May 25 07:36 : update: added MaherAlMuaiqly/027-an-naml.mp3
May 25 07:36 : update: added MaherAlMuaiqly/042-ash-shura.mp3
May 25 07:36 : update: added MaherAlMuaiqly/013-ar-rad.mp3
May 25 07:36 : update: added MaherAlMuaiqly/107-al-maun.mp3
May 25 07:36 : update: added MaherAlMuaiqly/051-adh-dhariyat.mp3
May 25 07:36 : update: added MaherAlMuaiqly/010-yunus.mp3
May 25 07:36 : update: added MaherAlMuaiqly/044-ad-dukhan.mp3
May 25 07:36 : update: added MaherAlMuaiqly/049-al-hujurat.mp3
May 25 07:36 : update: added MaherAlMuaiqly/016-an-nahl.mp3
May 25 07:36 : update: added MaherAlMuaiqly/025-al-furqan.mp3
May 25 07:36 : update: added MaherAlMuaiqly/045-al-jathiyah.mp3
May 25 07:36 : update: added MaherAlMuaiqly/078-an-naba.mp3
May 25 07:36 : update: added MaherAlMuaiqly/091-ash-shams.mp3
May 25 07:36 : update: added MaherAlMuaiqly/004-an-nisa.mp3
May 25 07:36 : update: added MaherAlMuaiqly/087-al-ala.mp3
May 25 07:36 : update: added MaherAlMuaiqly/101-al-qariah.mp3
May 25 07:36 : update: added MaherAlMuaiqly/108-al-kauthar.mp3
May 25 07:36 : update: added MaherAlMuaiqly/007-al-araf.mp3
May 25 07:36 : update: added MaherAlMuaiqly/111-al-masad.mp3
May 25 07:36 : update: added MaherAlMuaiqly/096-al-alaq.mp3
May 25 07:36 : update: added MaherAlMuaiqly/032-as-sajdah.mp3
May 25 07:36 : update: added MaherAlMuaiqly/095-at-tin.mp3
May 25 07:36 : update: added MaherAlMuaiqly/015-al-hijr.mp3
May 25 07:36 : update: added MaherAlMuaiqly/097-al-qadr.mp3
May 25 07:36 : update: added MaherAlMuaiqly/089-al-fajr.mp3
May 25 07:36 : update: added MaherAlMuaiqly/006-al-anam.mp3
May 25 07:36 : update: added MaherAlMuaiqly/079-an-naziat.mp3
May 25 07:36 : update: added MaherAlMuaiqly/029-al-ankabut.mp3
May 25 07:36 : update: added MaherAlMuaiqly/064-at-taghabun.mp3
May 25 07:36 : update: added MaherAlMuaiqly/113-al-falaq.mp3
May 25 07:36 : update: added MaherAlMuaiqly/066-at-tahrim.mp3
May 25 07:36 : update: added MaherAlMuaiqly/011-hud.mp3
May 25 07:36 : update: added MaherAlMuaiqly/009-at-taubah.mp3
May 25 07:36 : update: added MaherAlMuaiqly/035-fatir.mp3
May 25 07:36 : update: added MaherAlMuaiqly/018-al-kahf.mp3
May 25 07:36 : update: added MaherAlMuaiqly/039-az-zumar.mp3
May 25 07:36 : update: added MaherAlMuaiqly/068-al-qalam.mp3
May 25 07:36 : update: added MaherAlMuaiqly/069-al-haqqah.mp3
May 25 07:36 : update: added MaherAlMuaiqly/086-at-tariq.mp3
May 25 07:36 : update: added MaherAlMuaiqly/062-al-jumuah.mp3
May 25 07:37 : update: added MaherAlMuaiqly/067-al-mulk.mp3
May 25 07:37 : update: added MaherAlMuaiqly/054-al-qamar.mp3
May 25 07:37 : update: added MaherAlMuaiqly/033-al-ahzab.mp3
May 25 07:37 : update: added MaherAlMuaiqly/077-al-mursalat.mp3
May 25 07:37 : update: added MaherAlMuaiqly/046-al-ahqaf.mp3
May 25 07:37 : update: added MaherAlMuaiqly/061-as-saff.mp3
May 25 07:37 : update: added MaherAlMuaiqly/030-ar-rum.mp3
May 25 07:37 : update: added MaherAlMuaiqly/001-al-fatihah.mp3
May 25 07:37 : update: added MaherAlMuaiqly/017-al-isra.mp3
May 25 07:37 : update: added MaherAlMuaiqly/043-az-zukhruf.mp3
May 25 07:37 : update: added MaherAlMuaiqly/019-maryam.mp3
May 25 07:37 : update: added MaherAlMuaiqly/081-at-takwir.mp3
May 25 07:37 : update: added MaherAlMuaiqly/088-al-ghashiyah.mp3
May 25 07:37 : update: added MaherAlMuaiqly/037-as-saffat.mp3
May 25 07:37 : update: added MaherAlMuaiqly/020-ta-ha.mp3
May 25 07:37 : update: added MaherAlMuaiqly/055-ar-rahman.mp3
May 25 07:37 : update: added MaherAlMuaiqly/106-quraish.mp3
May 25 07:37 : update: added MaherAlMuaiqly/023-al-muminun.mp3
May 25 07:37 : update: added MaherAlMuaiqly/036-ya-sin.mp3
May 25 07:37 : update: added MaherAlMuaiqly/071-nuh.mp3
May 25 07:37 : update: added MaherAlMuaiqly/056-al-waqiah.mp3
May 25 07:37 : update: added MaherAlMuaiqly/073-al-muzammil.mp3
May 25 07:37 : update: added MaherAlMuaiqly/008-al-anfal.mp3
May 25 07:37 : update: added MaherAlMuaiqly/021-al-anbiya.mp3
May 25 07:37 : update: added MaherAlMuaiqly/031-luqman.mp3
May 25 07:37 : update: added MaherAlMuaiqly/065-at-talaq.mp3
May 25 07:37 : update: added MaherAlMuaiqly/024-an-nur.mp3
May 25 07:37 : update: added MaherAlMuaiqly/109-al-kafirun.mp3
May 25 07:37 : update: added MaherAlMuaiqly/072-al-jinn.mp3
May 25 07:37 : update: added MaherAlMuaiqly/102-at-takathur.mp3
May 25 07:37 : update: added MaherAlMuaiqly/038-sad.mp3
May 25 07:37 : update: added MaherAlMuaiqly/099-az-zalzalah.mp3
May 25 07:37 : update: added MaherAlMuaiqly/104-al-humazah.mp3
May 25 07:37 : update: added MaherAlMuaiqly/026-ash-shuara.mp3
May 25 07:37 : update: added MaherAlMuaiqly/093-ad-duha.mp3
May 25 07:37 : update: added MaherAlMuaiqly/082-al-infitar.mp3
May 25 07:37 : update: added MaherAlMuaiqly/075-al-qiyamah.mp3
May 25 07:37 : update: added MaherAlMuaiqly/057-al-hadid.mp3
May 25 07:37 : update: added MaherAlMuaiqly/084-al-inshiqaq.mp3
May 25 07:37 : update: added MaherAlMuaiqly/059-al-hashr.mp3
May 25 07:37 : update: added MaherAlMuaiqly/090-al-balad.mp3
May 25 07:37 : update: added MaherAlMuaiqly/028-al-qasas.mp3
May 25 07:37 : update: added MaherAlMuaiqly/083-al-mutaffifin.mp3
May 25 07:37 : update: added MaherAlMuaiqly/076-al-insan.mp3
May 25 07:37 : update: added MaherAlMuaiqly/063-al-munafiqun.mp3
May 25 07:37 : update: added MaherAlMuaiqly/048-al-fath.mp3
May 25 07:37 : update: added MaherAlMuaiqly/040-ghafir.mp3
May 25 07:37 : update: added MaherAlMuaiqly/053-an-najm.mp3
May 25 07:37 : update: added MaherAlMuaiqly/114-an-nas.mp3
May 25 07:37 : update: added MaherAlMuaiqly/092-al-lail.mp3
May 25 07:37 : update: added MaherAlMuaiqly/003-al-imran.mp3
May 25 07:37 : update: added MaherAlMuaiqly/034-saba.mp3
May 25 07:37 : update: added MaherAlMuaiqly/050-qaf.mp3
May 25 07:37 : update: added MaherAlMuaiqly/103-al-asr.mp3
May 25 07:37 : update: added MaherAlMuaiqly/041-fussilat.mp3
May 25 07:37 : update: added MaherAlMuaiqly/070-al-maarij.mp3
May 25 07:37 : update: added MaherAlMuaiqly/112-al-ikhlas.mp3
May 25 07:37 : update: added MaherAlMuaiqly/047-muhammad.mp3
May 25 07:37 : update: added MaherAlMuaiqly/110-an-nasr.mp3
May 25 07:37 : update: added MaherAlMuaiqly/094-ash-sharh.mp3
May 25 07:37 : update: added MaherAlMuaiqly/052-at-tur.mp3
May 25 07:37 : update: added MaherAlMuaiqly/002-al-baqarah.mp3
May 25 07:37 : update: added MaherAlMuaiqly/022-al-hajj.mp3
May 25 07:37 : update: added MaherAlMuaiqly/098-al-baiyyinah.mp3
May 25 07:37 : update: added MaherAlMuaiqly/058-al-mujadilah.mp3
May 25 07:37 : update: added MaherAlMuaiqly/100-al-adiyat.mp3
May 25 07:37 : update: added MaherAlMuaiqly/085-al-buruj.mp3
May 25 07:37 : update: added MaherAlMuaiqly/080-abasa.mp3
May 25 07:37 : update: added MaherAlMuaiqly/060-al-mumtahanah.mp3
May 25 07:37 : update: added MaherAlMuaiqly/005-al-maidah.mp3
May 25 07:37 : update: added MaherAlMuaiqly/014-ibrahim.mp3
May 25 07:37 : update: added MaherAlMuaiqly/105-al-fil.mp3
May 25 07:37 : update: added AbdulrahmanAlmasoudi/089-al-fajr.mp3
May 25 07:37 : update: added AbdulrahmanAlmasoudi/075-al-qiyamah.mp3
May 25 07:37 : output: Failed to open mixer for 'my_alsa': no such mixer control: PCM
May 25 07:59 : player: played "AbdallahHumeid/029-al-ankabut.mp3"
May 25 07:59 : output: Failed to open mixer for 'my_alsa': no such mixer control: PCM
May 25 08:27 : player: played "AhmedKhedr/021-al-anbiya.mp3"
May 25 08:27 : exception: Not playing
May 25 08:27 : output: Failed to open mixer for 'my_alsa': no such mixer control: PCM
