 
New instance of bashtop version: 0.9.25 Pid: 311070
 
New instance of bashtop version: 0.9.25 Pid: 978527
 
New instance of bashtop version: 0.9.25 Pid: 1037219
 
New instance of bashtop version: 0.9.25 Pid: 1056848
 
New instance of bashtop version: 0.9.25 Pid: 1059290
 
New instance of bashtop version: 0.9.25 Pid: 1066217
 
New instance of bashtop version: 0.9.25 Pid: 1081935
 
New instance of bashtop version: 0.9.25 Pid: 1086573
 
New instance of bashtop version: 0.9.25 Pid: 1089266
 
New instance of bashtop version: 0.9.25 Pid: 1090783
 
New instance of bashtop version: 0.9.25 Pid: 1095243
 
New instance of bashtop version: 0.9.25 Pid: 1096509
 
New instance of bashtop version: 0.9.25 Pid: 1097978
/usr/bin/bashtop: line 1337: ((: Pid: Program:       Arguments:                        Threads: User:    Mem%       Cpu%: syntax error in expression (error token is ": Program:       Arguments:                        Threads: User:    Mem%       Cpu%")
/usr/bin/bashtop: line 1347: ((: Pid: Program:       Arguments:                        Threads: User:    Mem%       Cpu%: syntax error in expression (error token is ": Program:       Arguments:                        Threads: User:    Mem%       Cpu%")
/usr/bin/bashtop: line 1353: ((: Pid: Program:       Arguments:                        Threads: User:    Mem%       Cpu%: syntax error in expression (error token is ": Program:       Arguments:                        Threads: User:    Mem%       Cpu%")
/usr/bin/bashtop: line 1334: ((: Pid: Program:       Arguments:                        Threads: User:    Mem%       Cpu%: syntax error in expression (error token is ": Program:       Arguments:                        Threads: User:    Mem%       Cpu%")
/usr/bin/bashtop: line 1347: ((: Pid: Program:       Arguments:                        Threads: User:    Mem%       Cpu%: syntax error in expression (error token is ": Program:       Arguments:                        Threads: User:    Mem%       Cpu%")
/usr/bin/bashtop: line 1353: ((: Pid: Program:       Arguments:                        Threads: User:    Mem%       Cpu%: syntax error in expression (error token is ": Program:       Arguments:                        Threads: User:    Mem%       Cpu%")
/usr/bin/bashtop: line 1334: ((: Pid: Program:       Arguments:                        Threads: User:    Mem%       Cpu%: syntax error in expression (error token is ": Program:       Arguments:                        Threads: User:    Mem%       Cpu%")
/usr/bin/bashtop: line 3037: Pid: Program:       Arguments:                        Threads: User:    Mem%       Cpu%: syntax error in expression (error token is ": Program:       Arguments:                        Threads: User:    Mem%       Cpu%")
 
New instance of bashtop version: 0.9.25 Pid: 11584
 
New instance of bashtop version: 0.9.25 Pid: 16432
 
New instance of bashtop version: 0.9.25 Pid: 19135
 
New instance of bashtop version: 0.9.25 Pid: 22626
 
New instance of bashtop version: 0.9.25 Pid: 1714226
 
New instance of bashtop version: 0.9.25 Pid: 2032268
08:03:54 AM ERROR: On line 680 
 
New instance of bashtop version: 0.9.25 Pid: 1926603
 
New instance of bashtop version: 0.9.25 Pid: 2918384
 
New instance of bashtop version: 0.9.25 Pid: 3097150
03:08:04 AM ERROR: On line 680 
/usr/bin/bashtop: line 4806: ${pycoproc[1]}: ambiguous redirect
 
New instance of bashtop version: 0.9.25 Pid: 687855
 
New instance of bashtop version: 0.9.25 Pid: 334959
 
New instance of bashtop version: 0.9.25 Pid: 336168
 
New instance of bashtop version: 0.9.25 Pid: 2136176
 
New instance of bashtop version: 0.9.25 Pid: 1000781
 
New instance of bashtop version: 0.9.25 Pid: 975423
 
New instance of bashtop version: 0.9.25 Pid: 2631587
 
New instance of bashtop version: 0.9.25 Pid: 2639139
 
New instance of bashtop version: 0.9.25 Pid: 4872
