2021-04-02 20:53:21  root(         lfm: 102)  I  Start lfm
2021-04-02 20:53:21  lfm( preferences: 134)  W  Configuration file "/home/hashedupforyou101/.config/lfm/lfm.ini" does not exist, using default values
2021-04-02 20:53:21  lfm(          ui: 709)  I  Support wide chars: False
2021-04-02 20:53:21  lfm( preferences: 242)  W  ColorTheme file does not exist, copying default
2021-04-02 20:53:21  lfm( preferences: 297)  W  Keys file does not exist, copying default
2021-04-02 20:53:21  lfm( preferences: 318)  W  KEYS: Missing Action item compress_uncompress_file
2021-04-02 20:53:21  lfm( preferences: 318)  W  KEYS: Missing Action item uncompress_dir
2021-04-02 20:53:21  lfm( preferences: 318)  W  KEYS: Missing Action item move_file
2021-04-02 20:53:21  lfm( preferences: 318)  W  KEYS: Missing Action item change_owner
2021-04-02 20:53:21  lfm( preferences: 318)  W  KEYS: Missing Action item backup_file
2021-04-02 20:53:21  lfm( preferences: 318)  W  KEYS: Missing Action item diff_file_with_backup
2021-04-02 20:53:21  lfm( preferences: 318)  W  KEYS: Missing Action item change_perms
2021-04-02 20:53:21  lfm( preferences: 318)  W  KEYS: Missing Action item compress_dir
2021-04-02 20:53:21  lfm( preferences: 318)  W  KEYS: Missing Action item uncompress_dir_other_pane
2021-04-02 20:53:21  lfm( preferences: 318)  W  KEYS: Missing Action item show_filesystems_info
2021-04-02 20:53:21  lfm( preferences: 387)  I  Load history file from "/home/hashedupforyou101/.config/lfm/lfm.history"
2021-04-02 20:53:48  lfm(     actions: 933)  W  Cannot find "Desktop" files: find: ‘/home/hashedupforyou101/.dbus’: Permission denied 
2021-04-02 20:53:53  lfm( preferences: 344)  I  Dump keys into file
2021-04-02 20:53:59  lfm( preferences: 392)  I  Save history file to "/home/hashedupforyou101/.config/lfm/lfm.history"
2021-04-02 20:53:59  root(         lfm: 118)  I  End lfm, returns: "/home/hashedupforyou101/.gnupg"
